{"C:\\vtu-test\\src\\components\\HelloJest.vue": {"path":"C:\\vtu-test\\src\\components\\HelloJest.vue","statementMap":{"0":{"start":{"line":10,"column":0},"end":{"line":10,"column":null}}},"fnMap":{"0":{"name":"(anonymous_1)","decl":{"start":{"line":9,"column":0},"end":{"line":9,"column":null}},"loc":{"start":{"line":9,"column":0},"end":{"line":13,"column":null}}}},"branchMap":{},"s":{"0":3},"f":{"0":3},"b":{}}
,"C:\\vtu-test\\src\\components\\testComp.js": {"path":"C:\\vtu-test\\src\\components\\testComp.js","statementMap":{"0":{"start":{"line":4,"column":21},"end":{"line":8,"column":2}},"1":{"start":{"line":10,"column":22},"end":{"line":14,"column":2}}},"fnMap":{},"branchMap":{},"s":{"0":1,"1":1},"f":{},"b":{},"_coverageSchema":"43e27e138ebf9cfc5966b082cf9a028302ed4184","hash":"9f9491fe3625ba4ba60568b2cca7f912eefe6a8d"}
}
